<?xml version="1.0" encoding="UTF-8"?>
<testsuite name="com.example.bracesaligner.feature.plan.domain.ScheduleGeneratorTest" tests="1" skipped="0" failures="0" errors="0" timestamp="2026-04-13T09:09:21" hostname="DESKTOP-SI913GM" time="0.016">
  <properties/>
  <testcase name="generates contiguous schedule with expected ranges" classname="com.example.bracesaligner.feature.plan.domain.ScheduleGeneratorTest" time="0.016"/>
  <system-out><![CDATA[]]></system-out>
  <system-err><![CDATA[]]></system-err>
</testsuite>
